2026-04-21 09:42:07,429 - INFO - Start running, host: acer@acerSwiftX, work_dir: /home/acer/CenterPoint/work_dirs/nusc_centerpoint_pp_02voxel_two_pfn_10sweep
2026-04-21 09:42:07,436 - INFO - workflow: [('train', 1)], max: 20 epochs
2026-04-21 09:42:38,686 - INFO - Epoch [1/20][5/1630]	lr: 0.00010, eta: 2 days, 8:07:07, time: 6.198, data_time: 3.353, transfer_time: 0.020, forward_time: 2.182, loss_parse_time: 0.005 memory: 1408, 
2026-04-21 09:42:38,688 - INFO - task : ['car'], loss: 19.1487, hm_loss: 5.9991, loc_loss: 52.5984, loc_loss_elem: ['8.0125', '5.2393', '8.6614', '4.6171', '4.8323', '7.3361', '7.1155', '8.3724', '4.8914', '5.9108'], num_positive: 5.4000
2026-04-21 09:42:38,689 - INFO - task : ['truck', 'construction_vehicle'], loss: 50.8865, hm_loss: 35.8522, loc_loss: 60.1371, loc_loss_elem: ['7.0182', '7.7893', '10.9890', '3.7276', '4.8532', '6.0652', '8.6374', '5.3601', '8.5584', '8.3367'], num_positive: 3.4000
2026-04-21 09:42:38,689 - INFO - task : ['bus', 'trailer'], loss: 55.1286, hm_loss: 45.9559, loc_loss: 36.6910, loc_loss_elem: ['5.7347', '8.5681', '6.1770', '0.8238', '2.9532', '1.9044', '3.1863', '6.5626', '5.3201', '3.2599'], num_positive: 0.6000
2026-04-21 09:42:38,690 - INFO - task : ['barrier'], loss: 12.8587, hm_loss: 6.2810, loc_loss: 26.3107, loc_loss_elem: ['3.7984', '3.0480', '3.4878', '3.1898', '2.2837', '1.8851', '3.9056', '2.3787', '4.1389', '3.2222'], num_positive: 14.8000
2026-04-21 09:42:38,690 - INFO - task : ['motorcycle', 'bicycle'], loss: 30.2542, hm_loss: 25.5109, loc_loss: 18.9732, loc_loss_elem: ['2.7069', '1.5611', '3.3637', '2.0785', '1.8775', '1.8281', '2.4547', '2.0605', '2.3321', '2.3222'], num_positive: 2.0000
2026-04-21 09:42:38,690 - INFO - task : ['pedestrian', 'traffic_cone'], loss: 27.3800, hm_loss: 10.8022, loc_loss: 66.3113, loc_loss_elem: ['7.7256', '6.9617', '14.0497', '8.3613', '4.9008', '6.6256', '6.6030', '6.2102', '8.3935', '6.7306'], num_positive: 22.8000

2026-04-21 09:42:42,746 - INFO - Epoch [1/20][10/1630]	lr: 0.00010, eta: 1 day, 7:45:01, time: 0.816, data_time: 0.114, transfer_time: 0.017, forward_time: 0.179, loss_parse_time: 0.003 memory: 1557, 
2026-04-21 09:42:42,749 - INFO - task : ['car'], loss: 14.8560, hm_loss: 4.2606, loc_loss: 42.3815, loc_loss_elem: ['7.0911', '4.2486', '6.2804', '5.4135', '3.8187', '4.5988', '5.2235', '8.1169', '3.5537', '4.7086'], num_positive: 11.8000
2026-04-21 09:42:42,749 - INFO - task : ['truck', 'construction_vehicle'], loss: 61.4497, hm_loss: 47.9856, loc_loss: 53.8565, loc_loss_elem: ['6.9596', '11.0879', '10.0968', '2.7261', '4.4703', '5.8045', '9.1142', '4.3537', '5.4623', '4.5553'], num_positive: 1.8000
2026-04-21 09:42:42,749 - INFO - task : ['bus', 'trailer'], loss: 33.8434, hm_loss: 29.0661, loc_loss: 19.1089, loc_loss_elem: ['1.8854', '2.5575', '4.9074', '1.3993', '2.7688', '2.5659', '1.1506', '3.8017', '1.1843', '0.8499'], num_positive: 0.8000
2026-04-21 09:42:42,749 - INFO - task : ['barrier'], loss: 11.4091, hm_loss: 4.8446, loc_loss: 26.2581, loc_loss_elem: ['3.5364', '3.8624', '3.4152', '4.0369', '2.3414', '1.8653', '3.0155', '2.3268', '2.7177', '3.4143'], num_positive: 10.6000
2026-04-21 09:42:42,750 - INFO - task : ['motorcycle', 'bicycle'], loss: 26.8090, hm_loss: 25.2095, loc_loss: 6.3977, loc_loss_elem: ['1.4325', '1.6090', '0.2413', '0.1828', '1.1870', '0.7627', '1.7234', '0.1886', '0.1155', '0.4845'], num_positive: 0.2000
2026-04-21 09:42:42,750 - INFO - task : ['pedestrian', 'traffic_cone'], loss: 30.0448, hm_loss: 16.2803, loc_loss: 55.0582, loc_loss_elem: ['7.1624', '8.9189', '12.6577', '2.8505', '6.0076', '4.4149', '4.5106', '6.3877', '6.1901', '4.6764'], num_positive: 10.4000

2026-04-21 09:42:49,732 - INFO - Epoch [1/20][15/1630]	lr: 0.00010, eta: 1 day, 1:22:43, time: 1.397, data_time: 0.167, transfer_time: 0.037, forward_time: 0.297, loss_parse_time: 0.008 memory: 1557, 
2026-04-21 09:42:49,733 - INFO - task : ['car'], loss: 12.5302, hm_loss: 3.4336, loc_loss: 36.3861, loc_loss_elem: ['6.5021', '3.5006', '7.3915', '4.3767', '2.8860', '3.2250', '4.5160', '6.3416', '3.1514', '3.1813'], num_positive: 13.2000
2026-04-21 09:42:49,733 - INFO - task : ['truck', 'construction_vehicle'], loss: 35.9659, hm_loss: 31.9833, loc_loss: 15.9304, loc_loss_elem: ['2.5392', '2.1559', '2.6143', '1.5967', '1.3188', '1.1136', '1.6893', '1.2897', '2.1660', '1.8301'], num_positive: 2.6000
2026-04-21 09:42:49,734 - INFO - task : ['bus', 'trailer'], loss: 25.2180, hm_loss: 23.0881, loc_loss: 8.5195, loc_loss_elem: ['1.2608', '1.0646', '1.0771', '0.5760', '1.6509', '1.1360', '0.7973', '1.7300', '0.3611', '0.8875'], num_positive: 0.4000
2026-04-21 09:42:49,734 - INFO - task : ['barrier'], loss: 7.2116, hm_loss: 5.4576, loc_loss: 7.0161, loc_loss_elem: ['0.7470', '0.9030', '1.0144', '0.7873', '0.6641', '0.5786', '1.0295', '0.5998', '1.1636', '0.8323'], num_positive: 8.2000
2026-04-21 09:42:49,738 - INFO - task : ['motorcycle', 'bicycle'], loss: 25.2680, hm_loss: 17.0488, loc_loss: 32.8770, loc_loss_elem: ['2.0343', '1.8841', '6.4775', '3.3575', '4.9286', '2.7933', '4.1003', '4.2304', '5.3567', '4.3788'], num_positive: 1.2000
2026-04-21 09:42:49,738 - INFO - task : ['pedestrian', 'traffic_cone'], loss: 22.2572, hm_loss: 11.8240, loc_loss: 41.7332, loc_loss_elem: ['4.8690', '5.1023', '10.9652', '3.2625', '3.4305', '4.5376', '5.5280', '4.9311', '3.2105', '4.2637'], num_positive: 11.2000

2026-04-21 09:42:59,883 - INFO - Epoch [1/20][20/1630]	lr: 0.00010, eta: 23:37:28, time: 2.030, data_time: 0.349, transfer_time: 0.046, forward_time: 0.358, loss_parse_time: 0.011 memory: 1557, 
2026-04-21 09:42:59,884 - INFO - task : ['car'], loss: 11.9085, hm_loss: 3.1814, loc_loss: 34.9085, loc_loss_elem: ['6.2036', '4.3153', '6.6146', '3.0954', '3.1048', '3.8224', '3.3690', '5.6112', '2.9295', '3.0270'], num_positive: 12.8000
2026-04-21 09:42:59,884 - INFO - task : ['truck', 'construction_vehicle'], loss: 26.7506, hm_loss: 20.5010, loc_loss: 24.9984, loc_loss_elem: ['3.1304', '2.2702', '4.5761', '3.4760', '2.8781', '2.4832', '3.7657', '1.7595', '2.2764', '2.8030'], num_positive: 2.4000
2026-04-21 09:42:59,884 - INFO - task : ['bus', 'trailer'], loss: 18.1263, hm_loss: 14.9714, loc_loss: 12.6199, loc_loss_elem: ['0.7961', '2.5637', '1.9738', '0.7145', '0.7870', '1.2426', '1.6857', '5.2766', '0.7994', '2.3503'], num_positive: 0.8000
2026-04-21 09:42:59,888 - INFO - task : ['barrier'], loss: 9.5087, hm_loss: 4.5148, loc_loss: 19.9756, loc_loss_elem: ['3.2643', '1.4325', '3.7958', '4.2681', '1.7444', '1.5430', '1.9235', '1.6358', '1.6996', '1.5160'], num_positive: 7.4000
2026-04-21 09:42:59,888 - INFO - task : ['motorcycle', 'bicycle'], loss: 20.3807, hm_loss: 13.8330, loc_loss: 26.1906, loc_loss_elem: ['3.8121', '3.1211', '5.9086', '0.9505', '2.6988', '2.2838', '3.5480', '3.6651', '1.7635', '4.2096'], num_positive: 1.2000
2026-04-21 09:42:59,890 - INFO - task : ['pedestrian', 'traffic_cone'], loss: 21.0722, hm_loss: 10.3403, loc_loss: 42.9278, loc_loss_elem: ['4.3396', '3.9414', '7.3580', '4.9459', '4.8456', '5.0473', '2.8448', '4.2746', '5.4998', '5.5263'], num_positive: 11.6000

2026-04-21 09:43:11,766 - INFO - Epoch [1/20][25/1630]	lr: 0.00010, eta: 23:11:50, time: 2.376, data_time: 1.251, transfer_time: 0.021, forward_time: 0.279, loss_parse_time: 0.009 memory: 1557, 
2026-04-21 09:43:11,767 - INFO - task : ['car'], loss: 11.5169, hm_loss: 3.2662, loc_loss: 33.0029, loc_loss_elem: ['4.0897', '3.5005', '5.8303', '3.8451', '3.0355', '3.2639', '3.6029', '4.1736', '3.9930', '3.8896'], num_positive: 13.2000
2026-04-21 09:43:11,768 - INFO - task : ['truck', 'construction_vehicle'], loss: 22.1744, hm_loss: 16.3548, loc_loss: 23.2787, loc_loss_elem: ['2.6140', '2.2399', '5.4539', '2.0315', '1.6245', '2.3959', '1.9184', '3.5817', '3.0096', '2.8093'], num_positive: 2.4000
2026-04-21 09:43:11,768 - INFO - task : ['bus', 'trailer'], loss: 16.0916, hm_loss: 12.1827, loc_loss: 15.6357, loc_loss_elem: ['1.6623', '1.6033', '1.3596', '2.0260', '1.4933', '1.0492', '3.2383', '5.9890', '1.1623', '3.4341'], num_positive: 1.0000
2026-04-21 09:43:11,769 - INFO - task : ['barrier'], loss: 6.3674, hm_loss: 3.3216, loc_loss: 12.1834, loc_loss_elem: ['1.2588', '1.7067', '1.7679', '1.1151', '0.9928', '1.3322', '1.2383', '1.1864', '1.6327', '1.8923'], num_positive: 7.4000
2026-04-21 09:43:11,770 - INFO - task : ['motorcycle', 'bicycle'], loss: 17.8678, hm_loss: 7.9596, loc_loss: 39.6331, loc_loss_elem: ['5.3858', '5.2706', '5.9337', '4.9752', '2.2217', '3.8269', '4.0407', '4.7742', '5.8929', '4.3633'], num_positive: 2.2000
2026-04-21 09:43:11,770 - INFO - task : ['pedestrian', 'traffic_cone'], loss: 14.4278, hm_loss: 4.0492, loc_loss: 41.5147, loc_loss_elem: ['3.8107', '4.5400', '7.5560', '4.9107', '4.4629', '4.6726', '4.7325', '5.6899', '4.6638', '4.8134'], num_positive: 26.0000

2026-04-21 09:43:19,571 - INFO - Epoch [1/20][30/1630]	lr: 0.00010, eta: 21:40:52, time: 1.561, data_time: 0.197, transfer_time: 0.035, forward_time: 0.319, loss_parse_time: 0.005 memory: 1557, 
2026-04-21 09:43:19,577 - INFO - task : ['car'], loss: 10.6351, hm_loss: 3.3819, loc_loss: 29.0126, loc_loss_elem: ['4.9884', '3.3915', '4.2228', '3.8729', '2.1476', '2.4999', '3.4846', '2.7737', '4.0423', '2.5956'], num_positive: 7.8000
2026-04-21 09:43:19,580 - INFO - task : ['truck', 'construction_vehicle'], loss: 17.4481, hm_loss: 10.7025, loc_loss: 26.9824, loc_loss_elem: ['3.4620', '3.9694', '3.1075', '3.4070', '1.9015', '2.5068', '4.0759', '4.4640', '3.2062', '3.7140'], num_positive: 3.4000
2026-04-21 09:43:19,580 - INFO - task : ['bus', 'trailer'], loss: 12.1794, hm_loss: 9.6810, loc_loss: 9.9938, loc_loss_elem: ['2.4459', '1.0079', '1.0692', '0.1322', '0.6776', '1.1471', '1.9886', '2.3427', '1.2969', '1.3506'], num_positive: 0.4000
2026-04-21 09:43:19,580 - INFO - task : ['barrier'], loss: 6.9392, hm_loss: 2.8881, loc_loss: 16.2045, loc_loss_elem: ['2.2911', '1.6534', '3.0470', '1.8607', '1.6526', '1.1552', '1.5332', '1.7063', '1.9058', '1.9908'], num_positive: 16.4000
2026-04-21 09:43:19,581 - INFO - task : ['motorcycle', 'bicycle'], loss: 18.9750, hm_loss: 6.6712, loc_loss: 49.2152, loc_loss_elem: ['5.4795', '6.6849', '5.4452', '5.3259', '5.6337', '5.1475', '7.0659', '7.7458', '7.1505', '5.3857'], num_positive: 2.6000
2026-04-21 09:43:19,581 - INFO - task : ['pedestrian', 'traffic_cone'], loss: 13.6138, hm_loss: 3.6258, loc_loss: 39.9520, loc_loss_elem: ['4.0038', '4.5218', '9.0407', '3.3112', '3.3711', '4.4435', '4.9510', '3.5223', '5.0511', '4.5142'], num_positive: 32.8000

2026-04-21 09:43:32,218 - INFO - Epoch [1/20][35/1630]	lr: 0.00010, eta: 21:51:01, time: 2.530, data_time: 0.848, transfer_time: 0.062, forward_time: 0.382, loss_parse_time: 0.013 memory: 1557, 
2026-04-21 09:43:32,219 - INFO - task : ['car'], loss: 10.3793, hm_loss: 3.0618, loc_loss: 29.2697, loc_loss_elem: ['3.5780', '3.1337', '5.7373', '2.7743', '2.5528', '3.2068', '4.1018', '4.6913', '2.9027', '3.6255'], num_positive: 8.0000
2026-04-21 09:43:32,219 - INFO - task : ['truck', 'construction_vehicle'], loss: 20.8752, hm_loss: 12.0224, loc_loss: 35.4114, loc_loss_elem: ['4.1684', '2.7584', '7.2711', '4.3588', '3.5633', '3.1550', '2.5719', '4.5124', '5.0114', '3.7079'], num_positive: 2.4000
2026-04-21 09:43:32,220 - INFO - task : ['bus', 'trailer'], loss: 8.0817, hm_loss: 6.0221, loc_loss: 8.2384, loc_loss_elem: ['0.7854', '1.1000', '2.1405', '0.4252', '0.7343', '0.7455', '0.2647', '1.9110', '0.5192', '1.3531'], num_positive: 0.6000
2026-04-21 09:43:32,229 - INFO - task : ['barrier'], loss: 8.5001, hm_loss: 2.6899, loc_loss: 23.2412, loc_loss_elem: ['2.5348', '3.2502', '3.7163', '2.5986', '2.5440', '1.6971', '2.6686', '1.9169', '3.0337', '2.9494'], num_positive: 18.8000
2026-04-21 09:43:32,230 - INFO - task : ['motorcycle', 'bicycle'], loss: 13.1799, hm_loss: 7.0641, loc_loss: 24.4630, loc_loss_elem: ['2.9614', '3.0202', '5.5809', '1.6993', '3.4608', '1.6580', '2.7086', '2.2391', '1.9885', '3.1042'], num_positive: 1.6000
2026-04-21 09:43:32,230 - INFO - task : ['pedestrian', 'traffic_cone'], loss: 10.9763, hm_loss: 3.4725, loc_loss: 30.0152, loc_loss_elem: ['3.3342', '3.2576', '5.4647', '2.9534', '3.2335', '3.3652', '3.3381', '3.5430', '3.5135', '3.5170'], num_positive: 25.0000

2026-04-21 09:43:48,146 - INFO - Epoch [1/20][40/1630]	lr: 0.00010, eta: 22:43:02, time: 3.185, data_time: 1.566, transfer_time: 0.058, forward_time: 0.367, loss_parse_time: 0.009 memory: 1557, 
2026-04-21 09:43:48,148 - INFO - task : ['car'], loss: 11.2504, hm_loss: 3.1265, loc_loss: 32.4954, loc_loss_elem: ['4.2653', '3.6287', '5.1512', '3.3698', '3.3371', '3.8310', '3.9738', '3.8533', '4.6442', '2.7027'], num_positive: 6.8000
2026-04-21 09:43:48,149 - INFO - task : ['truck', 'construction_vehicle'], loss: 17.9813, hm_loss: 7.9946, loc_loss: 39.9468, loc_loss_elem: ['3.7112', '4.3721', '7.3320', '3.7329', '4.7173', '3.9822', '5.9798', '7.0824', '4.1808', '5.3060'], num_positive: 3.0000
2026-04-21 09:43:48,149 - INFO - task : ['bus', 'trailer'], loss: 9.6433, hm_loss: 6.0853, loc_loss: 14.2318, loc_loss_elem: ['0.6589', '3.6930', '2.7019', '1.7605', '0.1660', '1.7556', '3.6632', '3.5621', '1.1830', '0.8678'], num_positive: 0.4000
2026-04-21 09:43:48,150 - INFO - task : ['barrier'], loss: 6.4413, hm_loss: 2.4117, loc_loss: 16.1182, loc_loss_elem: ['1.6900', '1.7657', '3.0027', '1.6294', '1.6104', '1.7689', '2.1785', '1.4381', '1.7916', '2.1363'], num_positive: 13.6000
2026-04-21 09:43:48,150 - INFO - task : ['motorcycle', 'bicycle'], loss: 11.7289, hm_loss: 5.5880, loc_loss: 24.5637, loc_loss_elem: ['5.4021', '4.6084', '1.5658', '1.5223', '1.7633', '2.3056', '3.1076', '2.3076', '3.0813', '3.2318'], num_positive: 1.6000
2026-04-21 09:43:48,151 - INFO - task : ['pedestrian', 'traffic_cone'], loss: 16.7823, hm_loss: 4.9129, loc_loss: 47.4778, loc_loss_elem: ['3.4969', '6.3225', '10.4315', '5.6145', '5.5282', '5.1499', '6.0945', '4.9248', '4.2809', '4.4496'], num_positive: 19.6000

2026-04-21 09:43:58,779 - INFO - Epoch [1/20][45/1630]	lr: 0.00010, eta: 22:19:35, time: 2.126, data_time: 0.977, transfer_time: 0.036, forward_time: 0.299, loss_parse_time: 0.005 memory: 1557, 
2026-04-21 09:43:58,780 - INFO - task : ['car'], loss: 11.0917, hm_loss: 3.1423, loc_loss: 31.7977, loc_loss_elem: ['4.2847', '3.4062', '6.5234', '3.0029', '2.7354', '3.2199', '3.5472', '3.9465', '3.0864', '4.0401'], num_positive: 8.4000
2026-04-21 09:43:58,780 - INFO - task : ['truck', 'construction_vehicle'], loss: 15.6273, hm_loss: 8.1158, loc_loss: 30.0459, loc_loss_elem: ['4.4612', '3.0728', '3.8504', '3.2094', '3.1519', '3.1468', '5.8850', '3.2529', '3.3317', '3.9941'], num_positive: 2.4000
2026-04-21 09:43:58,781 - INFO - task : ['bus', 'trailer'], loss: 13.2798, hm_loss: 5.4746, loc_loss: 31.2207, loc_loss_elem: ['4.2445', '6.8713', '3.1778', '2.0972', '3.4393', '3.7959', '4.7159', '6.2945', '2.2026', '3.1902'], num_positive: 1.2000
2026-04-21 09:43:58,781 - INFO - task : ['barrier'], loss: 4.7655, hm_loss: 2.0512, loc_loss: 10.8574, loc_loss_elem: ['1.2529', '1.1096', '2.0814', '0.8656', '1.1989', '0.8674', '1.1804', '0.9060', '1.3754', '1.6888'], num_positive: 6.4000
2026-04-21 09:43:58,782 - INFO - task : ['motorcycle', 'bicycle'], loss: 6.2863, hm_loss: 3.6482, loc_loss: 10.5527, loc_loss_elem: ['2.0571', '1.2535', '1.2465', '0.6155', '1.5040', '0.7277', '1.4079', '2.3323', '1.0352', '1.3652'], num_positive: 1.6000
2026-04-21 09:43:58,782 - INFO - task : ['pedestrian', 'traffic_cone'], loss: 15.4856, hm_loss: 3.9178, loc_loss: 46.2712, loc_loss_elem: ['6.5427', '4.3748', '8.2532', '4.9890', '4.4760', '5.3338', '5.0820', '5.7628', '6.2374', '3.8952'], num_positive: 15.0000

2026-04-21 09:44:04,620 - INFO - Epoch [1/20][50/1630]	lr: 0.00010, eta: 21:08:49, time: 1.168, data_time: 0.212, transfer_time: 0.024, forward_time: 0.197, loss_parse_time: 0.005 memory: 1557, 
2026-04-21 09:44:04,622 - INFO - task : ['car'], loss: 9.9916, hm_loss: 2.8466, loc_loss: 28.5800, loc_loss_elem: ['3.7154', '3.9094', '4.9298', '3.0750', '2.7459', '3.0387', '4.2215', '2.7613', '2.6658', '3.1034'], num_positive: 7.4000
2026-04-21 09:44:04,622 - INFO - task : ['truck', 'construction_vehicle'], loss: 16.0143, hm_loss: 7.3085, loc_loss: 34.8233, loc_loss_elem: ['3.0439', '5.3514', '8.9942', '2.6637', '3.1023', '3.5315', '4.2890', '4.6799', '2.5756', '3.7670'], num_positive: 2.0000
2026-04-21 09:44:04,622 - INFO - task : ['bus', 'trailer'], loss: 6.2888, hm_loss: 4.0493, loc_loss: 8.9580, loc_loss_elem: ['0.7802', '0.8820', '3.3848', '0.6964', '0.5681', '0.0597', '1.5040', '0.9905', '1.4619', '0.6260'], num_positive: 0.4000
2026-04-21 09:44:04,622 - INFO - task : ['barrier'], loss: 3.2551, hm_loss: 1.6156, loc_loss: 6.5579, loc_loss_elem: ['0.5863', '0.6087', '1.3433', '0.6571', '0.7474', '0.5623', '0.5474', '0.5222', '0.9507', '0.8881'], num_positive: 2.2000
2026-04-21 09:44:04,623 - INFO - task : ['motorcycle', 'bicycle'], loss: 6.4413, hm_loss: 4.0050, loc_loss: 9.7449, loc_loss_elem: ['1.8919', '0.4311', '0.6831', '0.7739', '1.0276', '1.0786', '1.2207', '2.9442', '1.6965', '1.3292'], num_positive: 0.4000
2026-04-21 09:44:04,623 - INFO - task : ['pedestrian', 'traffic_cone'], loss: 13.7545, hm_loss: 4.8111, loc_loss: 35.7736, loc_loss_elem: ['4.7475', '4.3128', '7.0943', '3.4851', '3.6245', '2.9045', '5.1189', '4.4927', '4.2163', '3.4662'], num_positive: 6.8000

2026-04-21 09:44:09,618 - INFO - Epoch [1/20][55/1630]	lr: 0.00010, eta: 20:02:37, time: 1.000, data_time: 0.228, transfer_time: 0.024, forward_time: 0.174, loss_parse_time: 0.005 memory: 1557, 
2026-04-21 09:44:09,619 - INFO - task : ['car'], loss: 9.1308, hm_loss: 2.7265, loc_loss: 25.6173, loc_loss_elem: ['3.5061', '2.3416', '3.6875', '2.6339', '2.3538', '2.6530', '3.8380', '3.1251', '3.7702', '3.2786'], num_positive: 14.6000
2026-04-21 09:44:09,619 - INFO - task : ['truck', 'construction_vehicle'], loss: 10.6831, hm_loss: 6.3234, loc_loss: 17.4387, loc_loss_elem: ['2.3813', '1.9508', '1.8315', '1.9276', '1.5893', '3.1062', '2.0488', '3.1009', '1.4673', '2.1549'], num_positive: 1.4000
2026-04-21 09:44:09,620 - INFO - task : ['bus', 'trailer'], loss: 7.5284, hm_loss: 3.8764, loc_loss: 14.6080, loc_loss_elem: ['0.4840', '2.9114', '2.7249', '1.4539', '1.3542', '1.3572', '0.9644', '3.2624', '1.5673', '1.9096'], num_positive: 0.8000
2026-04-21 09:44:09,620 - INFO - task : ['barrier'], loss: 1.0753, hm_loss: 1.0753, loc_loss: 0.0000, loc_loss_elem: ['0.0000', '0.0000', '0.0000', '0.0000', '0.0000', '0.0000', '0.0000', '0.0000', '0.0000', '0.0000'], num_positive: 0.0000
2026-04-21 09:44:09,621 - INFO - task : ['motorcycle', 'bicycle'], loss: 12.0283, hm_loss: 4.4038, loc_loss: 30.4982, loc_loss_elem: ['7.4308', '2.8481', '5.1804', '2.6217', '1.7305', '4.3841', '3.9360', '2.6930', '2.8062', '2.1706'], num_positive: 1.2000
2026-04-21 09:44:09,621 - INFO - task : ['pedestrian', 'traffic_cone'], loss: 12.5980, hm_loss: 3.9464, loc_loss: 34.6062, loc_loss_elem: ['4.7790', '4.0888', '6.5064', '3.3562', '3.0983', '3.8712', '3.6335', '5.1144', '4.1047', '3.0520'], num_positive: 13.0000

2026-04-21 09:44:13,762 - INFO - Epoch [1/20][60/1630]	lr: 0.00010, eta: 18:59:40, time: 0.828, data_time: 0.103, transfer_time: 0.016, forward_time: 0.158, loss_parse_time: 0.004 memory: 1557, 
2026-04-21 09:44:13,762 - INFO - task : ['car'], loss: 8.2474, hm_loss: 2.9641, loc_loss: 21.1330, loc_loss_elem: ['3.0261', '2.1805', '4.2197', '2.5695', '2.0793', '1.8091', '2.6158', '4.5104', '1.8241', '1.9994'], num_positive: 8.6000
2026-04-21 09:44:13,763 - INFO - task : ['truck', 'construction_vehicle'], loss: 8.0888, hm_loss: 5.2515, loc_loss: 11.3491, loc_loss_elem: ['2.0624', '1.2273', '1.7336', '0.6899', '1.3007', '1.0267', '1.1891', '1.2044', '1.2320', '1.5978'], num_positive: 1.8000
2026-04-21 09:44:13,764 - INFO - task : ['bus', 'trailer'], loss: 8.9267, hm_loss: 3.9176, loc_loss: 20.0366, loc_loss_elem: ['2.4306', '5.3205', '1.7787', '1.5111', '1.4272', '1.5700', '3.6963', '4.1751', '2.3407', '2.0835'], num_positive: 1.2000
2026-04-21 09:44:13,764 - INFO - task : ['barrier'], loss: 4.3614, hm_loss: 1.7381, loc_loss: 10.4932, loc_loss_elem: ['0.8059', '1.1680', '2.3600', '0.9871', '1.1915', '0.6917', '0.9271', '0.8874', '1.6577', '1.2684'], num_positive: 10.4000
2026-04-21 09:44:13,765 - INFO - task : ['motorcycle', 'bicycle'], loss: 8.9446, hm_loss: 3.8235, loc_loss: 20.4847, loc_loss_elem: ['3.6936', '2.6042', '3.8857', '1.4226', '1.9745', '1.3641', '2.6684', '2.8436', '2.9577', '1.4799'], num_positive: 1.6000
2026-04-21 09:44:13,765 - INFO - task : ['pedestrian', 'traffic_cone'], loss: 9.6855, hm_loss: 3.2355, loc_loss: 25.7997, loc_loss_elem: ['2.7018', '3.4565', '3.8423', '2.4194', '1.6823', '3.2254', '3.8805', '3.6320', '4.0453', '2.9242'], num_positive: 17.6000

2026-04-21 09:44:18,793 - INFO - Epoch [1/20][65/1630]	lr: 0.00010, eta: 18:13:48, time: 1.006, data_time: 0.236, transfer_time: 0.024, forward_time: 0.159, loss_parse_time: 0.006 memory: 1557, 
2026-04-21 09:44:18,794 - INFO - task : ['car'], loss: 8.2098, hm_loss: 2.7952, loc_loss: 21.6584, loc_loss_elem: ['2.9917', '2.1736', '3.4593', '2.7122', '1.8226', '2.1078', '2.5435', '4.7145', '2.6842', '2.2554'], num_positive: 13.2000
2026-04-21 09:44:18,794 - INFO - task : ['truck', 'construction_vehicle'], loss: 5.6950, hm_loss: 4.5963, loc_loss: 4.3949, loc_loss_elem: ['0.7095', '0.3698', '0.5488', '0.4684', '0.4198', '0.4497', '0.7273', '0.6373', '0.7020', '0.4540'], num_positive: 1.2000
2026-04-21 09:44:18,795 - INFO - task : ['bus', 'trailer'], loss: 6.8895, hm_loss: 3.3521, loc_loss: 14.1496, loc_loss_elem: ['2.3986', '2.1918', '2.3092', '0.9217', '1.3974', '1.0903', '0.7693', '3.2427', '1.3476', '1.6906'], num_positive: 0.6000
2026-04-21 09:44:18,795 - INFO - task : ['barrier'], loss: 0.7042, hm_loss: 0.7042, loc_loss: 0.0000, loc_loss_elem: ['0.0000', '0.0000', '0.0000', '0.0000', '0.0000', '0.0000', '0.0000', '0.0000', '0.0000', '0.0000'], num_positive: 0.0000
2026-04-21 09:44:18,795 - INFO - task : ['motorcycle', 'bicycle'], loss: 9.9840, hm_loss: 3.5317, loc_loss: 25.8091, loc_loss_elem: ['3.7112', '1.5211', '6.3758', '2.1147', '2.9920', '2.8369', '3.7070', '5.2394', '1.7325', '2.7355'], num_positive: 1.0000
2026-04-21 09:44:18,795 - INFO - task : ['pedestrian', 'traffic_cone'], loss: 10.5810, hm_loss: 4.2667, loc_loss: 25.2571, loc_loss_elem: ['2.2966', '2.9460', '4.8530', '2.1662', '2.3416', '2.8811', '2.5417', '3.1337', '2.9115', '3.7262'], num_positive: 11.4000

2026-04-21 09:44:23,675 - INFO - Epoch [1/20][70/1630]	lr: 0.00010, eta: 17:33:21, time: 0.977, data_time: 0.150, transfer_time: 0.024, forward_time: 0.206, loss_parse_time: 0.004 memory: 1557, 
2026-04-21 09:44:23,676 - INFO - task : ['car'], loss: 8.9072, hm_loss: 2.8093, loc_loss: 24.3915, loc_loss_elem: ['2.8901', '2.4661', '5.2105', '2.7464', '1.8407', '2.3816', '3.2067', '5.6814', '2.7284', '2.3501'], num_positive: 7.6000
2026-04-21 09:44:23,676 - INFO - task : ['truck', 'construction_vehicle'], loss: 11.8320, hm_loss: 4.9124, loc_loss: 27.6783, loc_loss_elem: ['2.3165', '2.8585', '1.9360', '5.3124', '2.1078', '2.9042', '6.4584', '9.4171', '4.2050', '2.8628'], num_positive: 1.6000
2026-04-21 09:44:23,677 - INFO - task : ['bus', 'trailer'], loss: 5.4598, hm_loss: 2.8611, loc_loss: 10.3949, loc_loss_elem: ['1.3778', '0.6199', '1.7158', '1.3525', '0.6164', '0.8130', '1.4702', '3.0086', '1.4354', '1.5684'], num_positive: 1.4000
2026-04-21 09:44:23,677 - INFO - task : ['barrier'], loss: 9.1949, hm_loss: 3.3271, loc_loss: 23.4710, loc_loss_elem: ['3.0309', '3.1316', '4.1568', '1.9263', '2.5986', '2.1099', '2.1958', '2.7780', '2.6720', '2.8502'], num_positive: 15.2000
2026-04-21 09:44:23,677 - INFO - task : ['motorcycle', 'bicycle'], loss: 8.3435, hm_loss: 3.6002, loc_loss: 18.9731, loc_loss_elem: ['2.9644', '2.4164', '3.3488', '0.9456', '1.7338', '2.0043', '3.4834', '4.0726', '3.3365', '0.7121'], num_positive: 1.2000
2026-04-21 09:44:23,678 - INFO - task : ['pedestrian', 'traffic_cone'], loss: 7.9653, hm_loss: 4.8849, loc_loss: 12.3217, loc_loss_elem: ['1.5479', '1.4477', '2.6700', '1.2012', '1.1180', '1.1874', '1.0465', '1.2654', '1.7729', '0.9142'], num_positive: 11.2000

2026-04-21 09:44:28,210 - INFO - Epoch [1/20][75/1630]	lr: 0.00010, eta: 16:55:45, time: 0.907, data_time: 0.139, transfer_time: 0.017, forward_time: 0.149, loss_parse_time: 0.004 memory: 1557, 
2026-04-21 09:44:28,211 - INFO - task : ['car'], loss: 6.8929, hm_loss: 2.6413, loc_loss: 17.0064, loc_loss_elem: ['2.3773', '1.7621', '2.9359', '1.6549', '1.4225', '1.9567', '2.6536', '3.8406', '2.0152', '1.5828'], num_positive: 20.6000
2026-04-21 09:44:28,211 - INFO - task : ['truck', 'construction_vehicle'], loss: 8.3974, hm_loss: 3.7217, loc_loss: 18.7026, loc_loss_elem: ['1.6753', '2.3341', '2.9979', '2.6582', '1.8738', '1.8078', '3.0835', '3.1841', '1.6572', '2.4448'], num_positive: 2.8000
2026-04-21 09:44:28,211 - INFO - task : ['bus', 'trailer'], loss: 10.0371, hm_loss: 3.3272, loc_loss: 26.8398, loc_loss_elem: ['5.5205', '6.7876', '2.7438', '1.7831', '1.7051', '2.8099', '1.0734', '5.2030', '2.0061', '2.2283'], num_positive: 1.6000
2026-04-21 09:44:28,212 - INFO - task : ['barrier'], loss: 6.2166, hm_loss: 1.7399, loc_loss: 17.9070, loc_loss_elem: ['1.6813', '2.6933', '4.1170', '1.8617', '2.4471', '0.7982', '3.0210', '1.2001', '1.3184', '2.1457'], num_positive: 5.2000
2026-04-21 09:44:28,212 - INFO - task : ['motorcycle', 'bicycle'], loss: 5.1946, hm_loss: 2.3447, loc_loss: 11.3995, loc_loss_elem: ['1.6882', '1.2412', '1.7087', '0.9998', '1.7618', '0.9944', '2.4557', '3.5933', '0.8635', '0.9321'], num_positive: 1.0000
2026-04-21 09:44:28,212 - INFO - task : ['pedestrian', 'traffic_cone'], loss: 8.9726, hm_loss: 3.8698, loc_loss: 20.4111, loc_loss_elem: ['2.4370', '2.4705', '4.8067', '1.2678', '1.4822', '2.2340', '2.4160', '3.3437', '2.7932', '1.7679'], num_positive: 13.4000

2026-04-21 09:44:36,621 - INFO - Epoch [1/20][80/1630]	lr: 0.00010, eta: 16:49:05, time: 1.681, data_time: 0.256, transfer_time: 0.047, forward_time: 0.369, loss_parse_time: 0.017 memory: 1557, 
2026-04-21 09:44:36,622 - INFO - task : ['car'], loss: 7.9106, hm_loss: 2.7315, loc_loss: 20.7162, loc_loss_elem: ['3.0936', '1.9719', '3.3138', '2.1536', '1.8247', '2.4662', '2.9819', '3.9351', '2.2058', '2.3035'], num_positive: 13.0000
2026-04-21 09:44:36,622 - INFO - task : ['truck', 'construction_vehicle'], loss: 9.9729, hm_loss: 4.5028, loc_loss: 21.8803, loc_loss_elem: ['2.6061', '2.2658', '4.6124', '1.6737', '2.8254', '1.7661', '3.8765', '5.4449', '1.6021', '2.6644'], num_positive: 2.4000
2026-04-21 09:44:36,622 - INFO - task : ['bus', 'trailer'], loss: 7.1446, hm_loss: 2.8851, loc_loss: 17.0382, loc_loss_elem: ['2.2286', '2.5569', '3.6807', '1.5213', '2.1561', '0.9318', '3.8938', '3.2595', '1.7548', '0.7773'], num_positive: 1.0000
2026-04-21 09:44:36,631 - INFO - task : ['barrier'], loss: 3.6661, hm_loss: 1.4770, loc_loss: 8.7561, loc_loss_elem: ['0.7495', '1.0834', '2.1177', '0.8816', '1.1144', '0.6488', '0.8071', '0.4820', '0.7201', '1.1828'], num_positive: 4.4000
2026-04-21 09:44:36,632 - INFO - task : ['motorcycle', 'bicycle'], loss: 2.6115, hm_loss: 1.6368, loc_loss: 3.8991, loc_loss_elem: ['0.3024', '0.5732', '0.3887', '0.3016', '0.1150', '0.0654', '0.1593', '1.0298', '1.2873', '0.6278'], num_positive: 0.2000
2026-04-21 09:44:36,632 - INFO - task : ['pedestrian', 'traffic_cone'], loss: 9.6150, hm_loss: 3.6775, loc_loss: 23.7500, loc_loss_elem: ['3.1780', '3.1723', '4.5384', '1.6307', '2.4248', '2.1378', '2.8345', '3.0628', '3.0411', '2.4473'], num_positive: 5.0000

2026-04-21 09:44:48,144 - INFO - Epoch [1/20][85/1630]	lr: 0.00010, eta: 17:02:58, time: 2.303, data_time: 0.278, transfer_time: 0.077, forward_time: 0.556, loss_parse_time: 0.012 memory: 1557, 
2026-04-21 09:44:48,145 - INFO - task : ['car'], loss: 6.3826, hm_loss: 2.8020, loc_loss: 14.3225, loc_loss_elem: ['2.1177', '1.4355', '2.7016', '1.2648', '1.2076', '1.1546', '2.4991', '3.2242', '1.3749', '1.9212'], num_positive: 9.6000
2026-04-21 09:44:48,146 - INFO - task : ['truck', 'construction_vehicle'], loss: 6.6577, hm_loss: 3.2657, loc_loss: 13.5679, loc_loss_elem: ['1.5108', '1.2510', '1.4509', '1.0617', '1.7973', '1.0980', '3.3510', '1.6212', '2.1675', '2.2363'], num_positive: 2.2000
2026-04-21 09:44:48,146 - INFO - task : ['bus', 'trailer'], loss: 4.9377, hm_loss: 2.8101, loc_loss: 8.5104, loc_loss_elem: ['0.4074', '1.6454', '1.1295', '0.6051', '0.9921', '0.6136', '1.1337', '1.1812', '0.9516', '1.7028'], num_positive: 1.0000
2026-04-21 09:44:48,147 - INFO - task : ['barrier'], loss: 4.5843, hm_loss: 2.0367, loc_loss: 10.1902, loc_loss_elem: ['0.9815', '1.3575', '2.0961', '1.0873', '0.8625', '0.9837', '1.0634', '0.8909', '1.2146', '1.2163'], num_positive: 14.6000
2026-04-21 09:44:48,149 - INFO - task : ['motorcycle', 'bicycle'], loss: 8.5136, hm_loss: 3.9042, loc_loss: 18.4378, loc_loss_elem: ['1.6211', '3.3622', '1.7676', '2.8170', '1.7072', '1.2415', '2.1067', '2.7897', '0.8435', '4.0984'], num_positive: 1.8000
2026-04-21 09:44:48,150 - INFO - task : ['pedestrian', 'traffic_cone'], loss: 6.6704, hm_loss: 2.6438, loc_loss: 16.1062, loc_loss_elem: ['2.3630', '1.9956', '3.0857', '1.4440', '1.6762', '1.3294', '1.7789', '1.7949', '2.0071', '1.4904'], num_positive: 26.0000

2026-04-21 09:44:59,798 - INFO - Epoch [1/20][90/1630]	lr: 0.00010, eta: 17:15:55, time: 2.323, data_time: 0.387, transfer_time: 0.068, forward_time: 0.529, loss_parse_time: 0.009 memory: 1557, 
2026-04-21 09:44:59,800 - INFO - task : ['car'], loss: 6.0132, hm_loss: 2.6853, loc_loss: 13.3116, loc_loss_elem: ['1.5225', '1.3871', '2.4839', '1.3074', '1.1191', '1.1757', '2.6335', '4.0917', '1.3016', '1.6692'], num_positive: 8.0000
2026-04-21 09:44:59,800 - INFO - task : ['truck', 'construction_vehicle'], loss: 8.7103, hm_loss: 3.8886, loc_loss: 19.2870, loc_loss_elem: ['2.0010', '2.9826', '1.5234', '1.7831', '1.5554', '2.5862', '4.3553', '4.1930', '2.5637', '2.5820'], num_positive: 1.6000
2026-04-21 09:44:59,801 - INFO - task : ['bus', 'trailer'], loss: 6.7955, hm_loss: 3.3520, loc_loss: 13.7742, loc_loss_elem: ['2.4553', '1.5819', '1.0409', '2.5793', '1.0110', '1.3139', '3.3813', '2.7135', '0.9340', '1.6390'], num_positive: 1.2000
2026-04-21 09:44:59,801 - INFO - task : ['barrier'], loss: 4.2067, hm_loss: 2.1460, loc_loss: 8.2425, loc_loss_elem: ['0.6100', '1.1703', '1.3164', '1.0075', '0.5372', '0.8116', '0.7517', '0.6268', '1.2565', '1.2573'], num_positive: 8.6000
2026-04-21 09:44:59,801 - INFO - task : ['motorcycle', 'bicycle'], loss: 2.9907, hm_loss: 1.8691, loc_loss: 4.4863, loc_loss_elem: ['0.6664', '0.4889', '0.5191', '0.1613', '0.4382', '0.4373', '0.4952', '0.8367', '0.8888', '0.6200'], num_positive: 1.0000
2026-04-21 09:44:59,802 - INFO - task : ['pedestrian', 'traffic_cone'], loss: 9.6689, hm_loss: 3.1047, loc_loss: 26.2569, loc_loss_elem: ['3.7385', '3.1552', '4.5683', '2.3352', '2.2821', '2.2643', '2.9903', '3.1317', '3.9907', '2.6982'], num_positive: 18.6000

2026-04-21 09:45:12,096 - INFO - Epoch [1/20][95/1630]	lr: 0.00010, eta: 17:31:36, time: 2.467, data_time: 0.546, transfer_time: 0.054, forward_time: 0.453, loss_parse_time: 0.011 memory: 1557, 
2026-04-21 09:45:12,098 - INFO - task : ['car'], loss: 6.3100, hm_loss: 2.8852, loc_loss: 13.6989, loc_loss_elem: ['1.4239', '1.6994', '2.5837', '1.4234', '0.9624', '1.1512', '2.5343', '2.8847', '1.4379', '1.9331'], num_positive: 12.4000
2026-04-21 09:45:12,098 - INFO - task : ['truck', 'construction_vehicle'], loss: 8.7147, hm_loss: 3.6821, loc_loss: 20.1301, loc_loss_elem: ['4.7689', '2.7026', '3.7859', '1.3245', '1.5784', '1.4481', '1.9982', '2.4312', '1.8270', '1.8088'], num_positive: 1.6000
2026-04-21 09:45:12,107 - INFO - task : ['bus', 'trailer'], loss: 6.0589, hm_loss: 3.5551, loc_loss: 10.0153, loc_loss_elem: ['1.2194', '1.5214', '1.8651', '1.1777', '0.6216', '0.6964', '0.6870', '1.3243', '0.7124', '1.7992'], num_positive: 1.0000
2026-04-21 09:45:12,108 - INFO - task : ['barrier'], loss: 3.9380, hm_loss: 2.0005, loc_loss: 7.7500, loc_loss_elem: ['0.6815', '0.8352', '1.4185', '1.2032', '0.8287', '0.6085', '0.9153', '1.0913', '0.9172', '0.8559'], num_positive: 10.2000
2026-04-21 09:45:12,108 - INFO - task : ['motorcycle', 'bicycle'], loss: 5.5486, hm_loss: 2.7268, loc_loss: 11.2872, loc_loss_elem: ['1.6471', '0.4253', '2.6520', '1.1393', '0.8707', '1.4684', '1.7957', '1.5962', '1.1998', '1.2062'], num_positive: 1.0000
2026-04-21 09:45:12,108 - INFO - task : ['pedestrian', 'traffic_cone'], loss: 11.1744, hm_loss: 3.3274, loc_loss: 31.3880, loc_loss_elem: ['3.5673', '3.4578', '6.3391', '3.1125', '3.8243', '3.2700', '2.6816', '4.9353', '3.3797', '2.9138'], num_positive: 11.0000

2026-04-21 09:45:23,308 - INFO - Epoch [1/20][100/1630]	lr: 0.00010, eta: 17:39:40, time: 2.245, data_time: 0.296, transfer_time: 0.119, forward_time: 0.429, loss_parse_time: 0.013 memory: 1557, 
2026-04-21 09:45:23,485 - INFO - task : ['car'], loss: 6.1710, hm_loss: 2.7932, loc_loss: 13.5109, loc_loss_elem: ['1.6351', '1.2190', '2.5679', '1.2295', '1.0287', '1.6053', '2.6910', '3.0989', '1.3697', '1.6976'], num_positive: 7.4000
2026-04-21 09:45:23,485 - INFO - task : ['truck', 'construction_vehicle'], loss: 7.3193, hm_loss: 3.2065, loc_loss: 16.4510, loc_loss_elem: ['0.9028', '1.6683', '3.0507', '1.3513', '2.1759', '1.8935', '3.9169', '3.1015', '2.1356', '1.8692'], num_positive: 1.8000
2026-04-21 09:45:23,486 - INFO - task : ['bus', 'trailer'], loss: 4.9121, hm_loss: 2.6345, loc_loss: 9.1103, loc_loss_elem: ['0.4009', '1.3493', '1.7985', '0.8467', '0.5217', '0.7024', '1.0537', '2.4069', '1.1143', '1.6843'], num_positive: 1.0000
2026-04-21 09:45:23,587 - INFO - task : ['barrier'], loss: 2.7413, hm_loss: 1.4576, loc_loss: 5.1348, loc_loss_elem: ['0.5284', '0.6109', '0.8008', '0.5345', '0.6045', '0.4700', '0.7643', '0.6041', '0.7165', '0.5955'], num_positive: 7.6000
2026-04-21 09:45:23,587 - INFO - task : ['motorcycle', 'bicycle'], loss: 4.4783, hm_loss: 2.8359, loc_loss: 6.5695, loc_loss_elem: ['1.2803', '0.4402', '1.2690', '0.7967', '0.5394', '0.6105', '0.7481', '0.9336', '0.8692', '0.4281'], num_positive: 0.6000
2026-04-21 09:45:23,588 - INFO - task : ['pedestrian', 'traffic_cone'], loss: 6.6501, hm_loss: 3.3231, loc_loss: 13.3078, loc_loss_elem: ['1.2921', '1.3265', '1.5440', '1.1488', '1.9395', '1.4601', '1.6054', '1.8200', '2.1775', '1.7341'], num_positive: 7.8000

